C:\USERS\RAREGRASS\DOCUMENTS\VISUAL STUDIO 2012\PROJECTS\EVERYTHING_IS_OK\EVERYTHING_IS_OK\DEBUG\BINARY_IMAGE_AND_CONTOURS.OBJ
C:\USERS\RAREGRASS\DOCUMENTS\VISUAL STUDIO 2012\PROJECTS\EVERYTHING_IS_OK\EVERYTHING_IS_OK\DEBUG\MAIN.OBJ
C:\USERS\RAREGRASS\DOCUMENTS\VISUAL STUDIO 2012\PROJECTS\EVERYTHING_IS_OK\EVERYTHING_IS_OK\DEBUG\MY_OPENCV.OBJ
C:\USERS\RAREGRASS\DOCUMENTS\VISUAL STUDIO 2012\PROJECTS\EVERYTHING_IS_OK\EVERYTHING_IS_OK\DEBUG\VC110.PDB
C:\USERS\RAREGRASS\DOCUMENTS\VISUAL STUDIO 2012\PROJECTS\EVERYTHING_IS_OK\DEBUG\EVERYTHING_IS_OK.ILK
C:\USERS\RAREGRASS\DOCUMENTS\VISUAL STUDIO 2012\PROJECTS\EVERYTHING_IS_OK\DEBUG\EVERYTHING_IS_OK.EXE
C:\USERS\RAREGRASS\DOCUMENTS\VISUAL STUDIO 2012\PROJECTS\EVERYTHING_IS_OK\DEBUG\EVERYTHING_IS_OK.PDB
C:\Users\RareGrass\Documents\Visual Studio 2012\Projects\Everything_is_OK\Everything_is_OK\Debug\binary_image_and_contours.obj
C:\Users\RareGrass\Documents\Visual Studio 2012\Projects\Everything_is_OK\Everything_is_OK\Debug\main.obj
C:\Users\RareGrass\Documents\Visual Studio 2012\Projects\Everything_is_OK\Everything_is_OK\Debug\my_opencv.obj
C:\Users\RareGrass\Documents\Visual Studio 2012\Projects\Everything_is_OK\Everything_is_OK\Debug\cl.command.1.tlog
C:\Users\RareGrass\Documents\Visual Studio 2012\Projects\Everything_is_OK\Everything_is_OK\Debug\CL.read.1.tlog
C:\Users\RareGrass\Documents\Visual Studio 2012\Projects\Everything_is_OK\Everything_is_OK\Debug\CL.write.1.tlog
C:\Users\RareGrass\Documents\Visual Studio 2012\Projects\Everything_is_OK\Everything_is_OK\Debug\link-cvtres.read.1.tlog
C:\Users\RareGrass\Documents\Visual Studio 2012\Projects\Everything_is_OK\Everything_is_OK\Debug\link-cvtres.write.1.tlog
C:\Users\RareGrass\Documents\Visual Studio 2012\Projects\Everything_is_OK\Everything_is_OK\Debug\link-rc.read.1.tlog
C:\Users\RareGrass\Documents\Visual Studio 2012\Projects\Everything_is_OK\Everything_is_OK\Debug\link-rc.write.1.tlog
C:\Users\RareGrass\Documents\Visual Studio 2012\Projects\Everything_is_OK\Everything_is_OK\Debug\link.command.1.tlog
C:\Users\RareGrass\Documents\Visual Studio 2012\Projects\Everything_is_OK\Everything_is_OK\Debug\link.read.1.tlog
C:\Users\RareGrass\Documents\Visual Studio 2012\Projects\Everything_is_OK\Everything_is_OK\Debug\link.write.1.tlog
C:\Users\RareGrass\Documents\Visual Studio 2012\Projects\Everything_is_OK\Everything_is_OK\Debug\vc110.idb
C:\Users\RareGrass\Documents\Visual Studio 2012\Projects\Everything_is_OK\Everything_is_OK\Debug\vc110.pdb
C:\Users\RareGrass\Documents\Visual Studio 2012\Projects\Everything_is_OK\Debug\Everything_is_OK.pdb
C:\Users\RareGrass\Documents\Visual Studio 2012\Projects\Everything_is_OK\Debug\Everything_is_OK.exe
C:\Users\RareGrass\Documents\Visual Studio 2012\Projects\Everything_is_OK\Debug\Everything_is_OK.ilk
