生成启动时间为 2013/8/25 9:50:11。
     1>项目“C:\Users\RareGrass\Documents\Visual Studio 2012\Projects\Everything_is_OK\Everything_is_OK\Everything_is_OK.vcxproj”在节点 2 上(Build 个目标)。
     1>ClCompile:
         C:\Program Files (x86)\Microsoft Visual Studio 11.0\VC\bin\CL.exe /c /ZI /nologo /W3 /WX- /sdl /Od /Oy- /D WIN32 /D _DEBUG /D _CONSOLE /D _UNICODE /D UNICODE /Gm /EHsc /RTC1 /MDd /GS /fp:precise /Zc:wchar_t /Zc:forScope /Fo"Debug\\" /Fd"Debug\vc110.pdb" /Gd /TP /analyze- /errorReport:prompt main.cpp
         main.cpp
     1>c:\users\raregrass\documents\visual studio 2012\projects\everything_is_ok\everything_is_ok\main.cpp(557): warning C4244: “参数”: 从“int”转换到“float”，可能丢失数据
     1>c:\users\raregrass\documents\visual studio 2012\projects\everything_is_ok\everything_is_ok\main.cpp(558): warning C4244: “参数”: 从“int”转换到“float”，可能丢失数据
     1>c:\users\raregrass\documents\visual studio 2012\projects\everything_is_ok\everything_is_ok\main.cpp(578): warning C4258: “i”: 忽略 For 循环中的定义；使用封闭范围中的定义
                 c:\users\raregrass\documents\visual studio 2012\projects\everything_is_ok\everything_is_ok\main.cpp(566) : 忽略“i”的定义
                 c:\users\raregrass\documents\visual studio 2012\projects\everything_is_ok\everything_is_ok\main.cpp(544) : 使用“i”的定义
     1>c:\users\raregrass\documents\visual studio 2012\projects\everything_is_ok\everything_is_ok\main.cpp(693): warning C4244: “参数”: 从“int”转换到“float”，可能丢失数据
     1>c:\users\raregrass\documents\visual studio 2012\projects\everything_is_ok\everything_is_ok\main.cpp(693): warning C4244: “=”: 从“float”转换到“int”，可能丢失数据
     1>c:\users\raregrass\documents\visual studio 2012\projects\everything_is_ok\everything_is_ok\main.cpp(697): warning C4244: “=”: 从“double”转换到“float”，可能丢失数据
     1>c:\users\raregrass\documents\visual studio 2012\projects\everything_is_ok\everything_is_ok\main.cpp(699): warning C4244: “=”: 从“double”转换到“int”，可能丢失数据
     1>c:\users\raregrass\documents\visual studio 2012\projects\everything_is_ok\everything_is_ok\main.cpp(700): warning C4244: “=”: 从“double”转换到“int”，可能丢失数据
     1>c:\users\raregrass\documents\visual studio 2012\projects\everything_is_ok\everything_is_ok\main.cpp(753): warning C4244: “参数”: 从“int”转换到“float”，可能丢失数据
     1>c:\users\raregrass\documents\visual studio 2012\projects\everything_is_ok\everything_is_ok\main.cpp(763): warning C4244: “参数”: 从“float”转换到“int”，可能丢失数据
       Link:
         C:\Program Files (x86)\Microsoft Visual Studio 11.0\VC\bin\link.exe /ERRORREPORT:PROMPT /OUT:"C:\Users\RareGrass\Documents\Visual Studio 2012\Projects\Everything_is_OK\Debug\Everything_is_OK.exe" /INCREMENTAL /NOLOGO opencv_calib3d246d.lib opencv_contrib246d.lib opencv_core246d.lib opencv_features2d246d.lib opencv_flann246d.lib opencv_gpu246d.lib opencv_haartraining_engined.lib opencv_highgui246d.lib opencv_imgproc246d.lib opencv_legacy246d.lib opencv_ml246d.lib opencv_nonfree246d.lib opencv_objdetect246d.lib opencv_photo246d.lib opencv_stitching246d.lib opencv_ts246d.lib opencv_video246d.lib opencv_videostab246d.lib kernel32.lib user32.lib gdi32.lib winspool.lib comdlg32.lib advapi32.lib shell32.lib ole32.lib oleaut32.lib uuid.lib odbc32.lib odbccp32.lib /MANIFEST /MANIFESTUAC:"level='asInvoker' uiAccess='false'" /manifest:embed /DEBUG /PDB:"C:\Users\RareGrass\Documents\Visual Studio 2012\Projects\Everything_is_OK\Debug\Everything_is_OK.pdb" /SUBSYSTEM:CONSOLE /TLBID:1 /DYNAMICBASE /NXCOMPAT /IMPLIB:"C:\Users\RareGrass\Documents\Visual Studio 2012\Projects\Everything_is_OK\Debug\Everything_is_OK.lib" /MACHINE:X86 Debug\binary_image_and_contours.obj
         Debug\main.obj
         Debug\my_opencv.obj
         Everything_is_OK.vcxproj -> C:\Users\RareGrass\Documents\Visual Studio 2012\Projects\Everything_is_OK\Debug\Everything_is_OK.exe
     1>已完成生成项目“C:\Users\RareGrass\Documents\Visual Studio 2012\Projects\Everything_is_OK\Everything_is_OK\Everything_is_OK.vcxproj”(Build 个目标)的操作。

生成成功。

已用时间 00:00:34.36
